D0_radius
Fitted Value = nan ± nan 
Initial Value = 5.0 ± 0.01 
D0{K(0)*(1430)+[GLASS]{K0S0,pi+},pi-}_Re
Fitted Value = nan ± nan 
Initial Value = 0.0095653 ± 0.000827718 
D0{K(0)*(1430)+[GLASS]{K0S0,pi+},pi-}_Im
Fitted Value = nan ± nan 
Initial Value = 0.00601207 ± 0.000843968 
D0{K(0)*(1430)bar-[GLASS]{K0S0,pi-},pi+}_Re
Fitted Value = nan ± nan 
Initial Value = 0.0255993 ± 0.00122597 
D0{K(0)*(1430)bar-[GLASS]{K0S0,pi-},pi+}_Im
Fitted Value = nan ± nan 
Initial Value = -0.194327 ± 0.00105316 
D0{K(2)*(1430)+{K0S0,pi+},pi-}_Re
Fitted Value = nan ± nan 
Initial Value = 0.0133101 ± 0.00135651 
D0{K(2)*(1430)+{K0S0,pi+},pi-}_Im
Fitted Value = nan ± nan 
Initial Value = 0.0170886 ± 0.00123279 
D0{K(2)*(1430)bar-{K0S0,pi-},pi+}_Re
Fitted Value = nan ± nan 
Initial Value = -0.107163 ± 0.00146194 
D0{K(2)*(1430)bar-{K0S0,pi-},pi+}_Im
Fitted Value = nan ± nan 
Initial Value = 0.104979 ± 0.00164431 
D0{K*(1410)+{K0S0,pi+},pi-}_Re
Fitted Value = nan ± nan 
Initial Value = 0.00296544 ± 0.00225542 
D0{K*(1410)+{K0S0,pi+},pi-}_Im
Fitted Value = nan ± nan 
Initial Value = 0.014186 ± 0.00247679 
D0{K*(1410)bar-{K0S0,pi-},pi+}_Re
Fitted Value = nan ± nan 
Initial Value = -0.0339155 ± 0.00309512 
D0{K*(1410)bar-{K0S0,pi-},pi+}_Im
Fitted Value = nan ± nan 
Initial Value = 0.0613357 ± 0.0037167 
D0{K*(1680)bar-{K0S0,pi-},pi+}_Re
Fitted Value = nan ± nan 
Initial Value = -0.0535469 ± 0.00651378 
D0{K*(1680)bar-{K0S0,pi-},pi+}_Im
Fitted Value = nan ± nan 
Initial Value = 0.0272353 ± 0.0073212 
D0{K*(892)+{K0S0,pi+},pi-}_Re
Fitted Value = nan ± nan 
Initial Value = 0.126313 ± 0.00245399 
D0{K*(892)+{K0S0,pi+},pi-}_Im
Fitted Value = nan ± nan 
Initial Value = -0.140858 ± 0.00235595 
D0{K*(892)bar-{K0S0,pi-},pi+}_Re
Fitted Value = nan ± nan 
Initial Value = -1.37962 ± 0.00769138 
D0{K*(892)bar-{K0S0,pi-},pi+}_Im
Fitted Value = nan ± nan 
Initial Value = 1.49371 ± 0.00800201 
D0{K0S0,PiPi00}_Re
Fitted Value = 1.0 ± 0.0 
Initial Value = 1.0 ± 0.0 
D0{K0S0,PiPi00}_Im
Fitted Value = 0.0 ± 0.0 
Initial Value = 0.0 ± 0.0 
D0{K0S0,f(2)(1270)0{pi+,pi-}}_Re
Fitted Value = nan ± nan 
Initial Value = -0.125526 ± 0.00221442 
D0{K0S0,f(2)(1270)0{pi+,pi-}}_Im
Fitted Value = nan ± nan 
Initial Value = 0.0943573 ± 0.00286431 
D0{K0S0,omega(782)0{pi+,pi-}}_Re
Fitted Value = nan ± nan 
Initial Value = -0.0640864 ± 0.00196373 
D0{K0S0,omega(782)0{pi+,pi-}}_Im
Fitted Value = nan ± nan 
Initial Value = 0.12832 ± 0.00170606 
D0{K0S0,rho(1450)0{pi+,pi-}}_Re
Fitted Value = nan ± nan 
Initial Value = 0.160532 ± 0.00460311 
D0{K0S0,rho(1450)0{pi+,pi-}}_Im
Fitted Value = nan ± nan 
Initial Value = 0.0886014 ± 0.00646564 
D0{K0S0,rho(770)0{pi+,pi-}}_Re
Fitted Value = 1.0 ± 0.0 
Initial Value = 1.0 ± 0.0 
D0{K0S0,rho(770)0{pi+,pi-}}_Im
Fitted Value = 0.0 ± 0.0 
Initial Value = 0.0 ± 0.0 
DA[MagPoly.MyMagPoly]{D0}_Im
Fitted Value = 0.0 ± 0.0 
Initial Value = 0.0 ± 0.0 
DA[MagPoly.MyMagPoly]{D0}_Re
Fitted Value = 1.0 ± 0.0 
Initial Value = 1.0 ± 0.0 
DA[PhasePoly.MyPhasePoly]{D0}_Im
Fitted Value = 0.0 ± 0.0 
Initial Value = 0.0 ± 0.0 
DA[PhasePoly.MyPhasePoly]{D0}_Re
Fitted Value = 1.0 ± 0.0 
Initial Value = 1.0 ± 0.0 
K(0)*(1430)bar-::GLASS::F
Fitted Value = nan ± nan 
Initial Value = 0.95532 ± 0.01 
K(0)*(1430)bar-::GLASS::R
Fitted Value = 1.0 ± 0.0 
Initial Value = 1.0 ± 0.0 
K(0)*(1430)bar-::GLASS::a
Fitted Value = nan ± nan 
Initial Value = 0.11267 ± 0.01 
K(0)*(1430)bar-::GLASS::phiF
Fitted Value = nan ± nan 
Initial Value = 0.00173 ± 0.01 
K(0)*(1430)bar-::GLASS::phiR
Fitted Value = nan ± nan 
Initial Value = -1.9145 ± 0.01 
K(0)*(1430)bar-::GLASS::r
Fitted Value = nan ± nan 
Initial Value = -33.799 ± 0.01 
K(0)*(1430)bar-_mass
Fitted Value = 1.44055 ± 0.002 
Initial Value = 1.44055 ± 0.002 
K(0)*(1430)bar-_width
Fitted Value = 0.19261 ± 0.005 
Initial Value = 0.19261 ± 0.005 
K(2)*(1430)0_mass
Fitted Value = 1.4256 ± 0.0 
Initial Value = 1.4256 ± 0.0 
K(2)*(1430)0_width
Fitted Value = 0.0985 ± 0.0 
Initial Value = 0.0985 ± 0.0 
K*(1410)bar-_mass
Fitted Value = 1.414 ± 0.0 
Initial Value = 1.414 ± 0.0 
K*(1410)bar-_width
Fitted Value = 0.232 ± 0.0 
Initial Value = 0.232 ± 0.0 
K*(1680)bar-_mass
Fitted Value = 1.717 ± 0.0 
Initial Value = 1.717 ± 0.0 
K*(1680)bar-_width
Fitted Value = 0.322 ± 0.0 
Initial Value = 0.322 ± 0.0 
K*(892)bar-_mass
Fitted Value = 0.89371 ± 5e-05 
Initial Value = 0.89371 ± 5e-05 
K*(892)bar-_width
Fitted Value = 0.04719 ± 0.00011 
Initial Value = 0.04719 ± 0.00011 
MyMagPoly_c00
Fitted Value = nan ± nan 
Initial Value = 0.0 ± 0.001 
MyMagPoly_c01
Fitted Value = nan ± nan 
Initial Value = 0.0 ± 0.001 
MyMagPoly_c02
Fitted Value = nan ± nan 
Initial Value = 0.0 ± 0.001 
MyMagPoly_c03
Fitted Value = nan ± nan 
Initial Value = 0.0 ± 0.001 
MyMagPoly_c04
Fitted Value = nan ± nan 
Initial Value = 0.0 ± 0.001 
MyMagPoly_c05
Fitted Value = nan ± nan 
Initial Value = 0.0 ± 0.001 
MyMagPoly_c10
Fitted Value = nan ± nan 
Initial Value = 0.0 ± 0.001 
MyMagPoly_c11
Fitted Value = nan ± nan 
Initial Value = 0.0 ± 0.001 
MyMagPoly_c12
Fitted Value = nan ± nan 
Initial Value = 0.0 ± 0.001 
MyMagPoly_c13
Fitted Value = nan ± nan 
Initial Value = 0.0 ± 0.001 
MyMagPoly_c14
Fitted Value = nan ± nan 
Initial Value = 0.0 ± 0.001 
MyMagPoly_c20
Fitted Value = nan ± nan 
Initial Value = 0.0 ± 0.001 
MyMagPoly_c21
Fitted Value = nan ± nan 
Initial Value = 0.0 ± 0.001 
MyMagPoly_c22
Fitted Value = nan ± nan 
Initial Value = 0.0 ± 0.001 
MyMagPoly_c23
Fitted Value = nan ± nan 
Initial Value = 0.0 ± 0.001 
MyMagPoly_c30
Fitted Value = nan ± nan 
Initial Value = 0.0 ± 0.001 
MyMagPoly_c31
Fitted Value = nan ± nan 
Initial Value = 0.0 ± 0.001 
MyMagPoly_c32
Fitted Value = nan ± nan 
Initial Value = 0.0 ± 0.001 
MyMagPoly_c40
Fitted Value = nan ± nan 
Initial Value = 0.0 ± 0.001 
MyMagPoly_c41
Fitted Value = nan ± nan 
Initial Value = 0.0 ± 0.001 
MyMagPoly_c50
Fitted Value = nan ± nan 
Initial Value = 0.0 ± 0.001 
MyPhasePoly_c00
Fitted Value = nan ± nan 
Initial Value = 0.0 ± 0.001 
MyPhasePoly_c01
Fitted Value = nan ± nan 
Initial Value = 0.0 ± 0.001 
MyPhasePoly_c02
Fitted Value = nan ± nan 
Initial Value = 0.0 ± 0.001 
MyPhasePoly_c03
Fitted Value = nan ± nan 
Initial Value = 0.0 ± 0.001 
MyPhasePoly_c04
Fitted Value = nan ± nan 
Initial Value = 0.0 ± 0.001 
MyPhasePoly_c05
Fitted Value = nan ± nan 
Initial Value = 0.0 ± 0.001 
MyPhasePoly_c10
Fitted Value = nan ± nan 
Initial Value = 0.0 ± 0.001 
MyPhasePoly_c11
Fitted Value = nan ± nan 
Initial Value = 0.0 ± 0.001 
MyPhasePoly_c12
Fitted Value = nan ± nan 
Initial Value = 0.0 ± 0.001 
MyPhasePoly_c13
Fitted Value = nan ± nan 
Initial Value = 0.0 ± 0.001 
MyPhasePoly_c14
Fitted Value = nan ± nan 
Initial Value = 0.0 ± 0.001 
MyPhasePoly_c20
Fitted Value = nan ± nan 
Initial Value = 0.0 ± 0.001 
MyPhasePoly_c21
Fitted Value = nan ± nan 
Initial Value = 0.0 ± 0.001 
MyPhasePoly_c22
Fitted Value = nan ± nan 
Initial Value = 0.0 ± 0.001 
MyPhasePoly_c23
Fitted Value = nan ± nan 
Initial Value = 0.0 ± 0.001 
MyPhasePoly_c30
Fitted Value = nan ± nan 
Initial Value = 0.0 ± 0.001 
MyPhasePoly_c31
Fitted Value = nan ± nan 
Initial Value = 0.0 ± 0.001 
MyPhasePoly_c32
Fitted Value = nan ± nan 
Initial Value = 0.0 ± 0.001 
MyPhasePoly_c40
Fitted Value = nan ± nan 
Initial Value = 0.0 ± 0.001 
MyPhasePoly_c41
Fitted Value = nan ± nan 
Initial Value = 0.0 ± 0.001 
MyPhasePoly_c50
Fitted Value = nan ± nan 
Initial Value = 0.0 ± 0.001 
PiPi00[kMatrix.pole.0]{pi+,pi-}_Re
Fitted Value = nan ± nan 
Initial Value = -0.696212 ± 0.0249041 
PiPi00[kMatrix.pole.0]{pi+,pi-}_Im
Fitted Value = nan ± nan 
Initial Value = -0.564193 ± 0.0150433 
PiPi00[kMatrix.pole.1]{pi+,pi-}_Re
Fitted Value = nan ± nan 
Initial Value = -1.1781 ± 0.0163188 
PiPi00[kMatrix.pole.1]{pi+,pi-}_Im
Fitted Value = nan ± nan 
Initial Value = -0.387498 ± 0.0128765 
PiPi00[kMatrix.pole.2]{pi+,pi-}_Re
Fitted Value = nan ± nan 
Initial Value = -3.56439 ± 0.100848 
PiPi00[kMatrix.pole.2]{pi+,pi-}_Im
Fitted Value = nan ± nan 
Initial Value = -0.302991 ± 0.0769034 
PiPi00[kMatrix.pole.3]{pi+,pi-}_Re
Fitted Value = nan ± nan 
Initial Value = -0.654174 ± 0.0322988 
PiPi00[kMatrix.pole.3]{pi+,pi-}_Im
Fitted Value = nan ± nan 
Initial Value = 0.779454 ± 0.0257366 
PiPi00[kMatrix.prod.0]{pi+,pi-}_Re
Fitted Value = nan ± nan 
Initial Value = 0.722348 ± 0.0181052 
PiPi00[kMatrix.prod.0]{pi+,pi-}_Im
Fitted Value = nan ± nan 
Initial Value = 0.555636 ± 0.011945 
PiPi00[kMatrix.prod.1]{pi+,pi-}_Re
Fitted Value = nan ± nan 
Initial Value = 3.23771 ± 0.0874993 
PiPi00[kMatrix.prod.1]{pi+,pi-}_Im
Fitted Value = nan ± nan 
Initial Value = 0.614543 ± 0.0497138 
PiPi00[kMatrix.prod.2]{pi+,pi-}_Re
Fitted Value = nan ± nan 
Initial Value = 1.67044 ± 0.0909612 
PiPi00[kMatrix.prod.2]{pi+,pi-}_Im
Fitted Value = nan ± nan 
Initial Value = 2.7479 ± 0.0945962 
PiPi00[kMatrix.prod.3]{pi+,pi-}_Re
Fitted Value = nan ± nan 
Initial Value = 2.36804 ± 0.0672284 
PiPi00[kMatrix.prod.3]{pi+,pi-}_Im
Fitted Value = nan ± nan 
Initial Value = 1.81536 ± 0.0420283 
PiPi00_s0_prod
Fitted Value = -0.07 ± 0.03 
Initial Value = -0.07 ± 0.03 
f(2)(1270)_mass
Fitted Value = 1.2751 ± 0.0 
Initial Value = 1.2751 ± 0.0 
f(2)(1270)_width
Fitted Value = 0.1842 ± 0.0 
Initial Value = 0.1842 ± 0.0 
omega(782)0_mass
Fitted Value = 0.78265 ± 0.0 
Initial Value = 0.78265 ± 0.0 
omega(782)0_width
Fitted Value = 0.00849 ± 0.0 
Initial Value = 0.00849 ± 0.0 
rho(1450)0_mass
Fitted Value = 1.465 ± 0.0 
Initial Value = 1.465 ± 0.0 
rho(1450)0_width
Fitted Value = 0.4 ± 0.0 
Initial Value = 0.4 ± 0.0 
rho(770)0_mass
Fitted Value = nan ± nan 
Initial Value = 0.769374 ± 0.000335341 
rho(770)0_width
Fitted Value = nan ± nan 
Initial Value = 0.141979 ± 0.000700587 
