Parameter D0{K(0)*(1430)bar-,pi+}_Re 0 0.0521959 0.00674032 4.54319e-05 -8.06439e-06 -0.00125373 -0.000444226 0 0 0 0 0 0 0 0 0 0 0 0 0 0 0 0 0 0 0 0 0 0 0 0 0 0 0 0 0 0 0 0 0 0 0 0 0 0 0 0 -0.0350931 -0.00680597 -0.0567431 -0.023075 0.130543 -0.278047 0.0470678 -0.0315336 0.0192354 0.00593379 0.00228853 0.0519106 0.166016 0.267189 0.0523725 0.0334057 0 0 0 0 0 0 0 0 0 0 0 
Parameter D0{K(0)*(1430)bar-,pi+}_Im 0 -0.0735776 0.00466651 -8.06439e-06 2.17763e-05 0.000617919 -0.000238024 0 0 0 0 0 0 0 0 0 0 0 0 0 0 0 0 0 0 0 0 0 0 0 0 0 0 0 0 0 0 0 0 0 0 0 0 0 0 0 0 0.0129546 -0.0185258 0.0282138 -0.0193246 0.0348652 0.131193 -0.000514373 0.0158522 -0.00446138 0.00843634 -0.0280861 0.00488451 -0.143552 -0.0178905 -0.0238856 0.0226893 0 0 0 0 0 0 0 0 0 0 0 
Parameter D0{K*(892)bar-{K0S0,pi-},pi+}_Re 0 -3.15622 0.253581 -0.00125373 0.000617919 0.0643034 0.0165702 0 0 0 0 0 0 0 0 0 0 0 0 0 0 0 0 0 0 0 0 0 0 0 0 0 0 0 0 0 0 0 0 0 0 0 0 0 0 0 0 1.28439 0.638923 1.89097 0.670572 -3.33157 10.4817 -1.14424 1.0108 -0.571887 -0.415867 -1.12382 -3.72186 -6.5527 -9.63746 -2.16163 -2.10839 0 0 0 0 0 0 0 0 0 0 0 
Parameter D0{K*(892)bar-{K0S0,pi-},pi+}_Im 0 2.89574 0.227962 -0.000444226 -0.000238024 0.0165702 0.0519667 0 0 0 0 0 0 0 0 0 0 0 0 0 0 0 0 0 0 0 0 0 0 0 0 0 0 0 0 0 0 0 0 0 0 0 0 0 0 0 0 -0.294171 1.2972 -0.113084 1.13098 -5.51508 2.23729 -0.236018 -0.537034 0.341763 -0.680234 1.95783 -3.6073 5.05758 -6.65041 1.15076 -3.2642 0 0 0 0 0 0 0 0 0 0 0 
Parameter D0{K0S0,PiPi00}_Re 2 0.02 0 0 0 0 0 0 0 0 0 0 0 0 0 0 0 0 0 0 0 0 0 0 0 0 0 0 0 0 0 0 0 0 0 0 0 0 0 0 0 0 0 0 0 0 0 0 0 0 0 0 0 0 0 0 0 0 0 0 0 0 0 0 0 0 0 0 0 0 0 0 0 0 
Parameter D0{K0S0,PiPi00}_Im 2 0 0 0 0 0 0 0 0 0 0 0 0 0 0 0 0 0 0 0 0 0 0 0 0 0 0 0 0 0 0 0 0 0 0 0 0 0 0 0 0 0 0 0 0 0 0 0 0 0 0 0 0 0 0 0 0 0 0 0 0 0 0 0 0 0 0 0 0 0 0 0 0 0 
Parameter D0{K0S0,rho(770)0{pi+,pi-}}_Re 2 1 0 0 0 0 0 0 0 0 0 0 0 0 0 0 0 0 0 0 0 0 0 0 0 0 0 0 0 0 0 0 0 0 0 0 0 0 0 0 0 0 0 0 0 0 0 0 0 0 0 0 0 0 0 0 0 0 0 0 0 0 0 0 0 0 0 0 0 0 0 0 0 0 
Parameter D0{K0S0,rho(770)0{pi+,pi-}}_Im 2 0 0 0 0 0 0 0 0 0 0 0 0 0 0 0 0 0 0 0 0 0 0 0 0 0 0 0 0 0 0 0 0 0 0 0 0 0 0 0 0 0 0 0 0 0 0 0 0 0 0 0 0 0 0 0 0 0 0 0 0 0 0 0 0 0 0 0 0 0 0 0 0 0 
Parameter IS_p1_4pi 3 0 0 0 0 0 0 0 0 0 0 0 0 0 0 0 0 0 0 0 0 0 0 0 0 0 0 0 0 0 0 0 0 0 0 0 0 0 0 0 0 0 0 0 0 0 0 0 0 0 0 0 0 0 0 0 0 0 0 0 0 0 0 0 0 0 0 0 0 0 0 0 0 0 
Parameter IS_p1_EtaEta 3 -0.39899 0 0 0 0 0 0 0 0 0 0 0 0 0 0 0 0 0 0 0 0 0 0 0 0 0 0 0 0 0 0 0 0 0 0 0 0 0 0 0 0 0 0 0 0 0 0 0 0 0 0 0 0 0 0 0 0 0 0 0 0 0 0 0 0 0 0 0 0 0 0 0 0 
Parameter IS_p1_EtapEta 3 -0.34639 0 0 0 0 0 0 0 0 0 0 0 0 0 0 0 0 0 0 0 0 0 0 0 0 0 0 0 0 0 0 0 0 0 0 0 0 0 0 0 0 0 0 0 0 0 0 0 0 0 0 0 0 0 0 0 0 0 0 0 0 0 0 0 0 0 0 0 0 0 0 0 0 
Parameter IS_p1_KK 3 -0.55377 0 0 0 0 0 0 0 0 0 0 0 0 0 0 0 0 0 0 0 0 0 0 0 0 0 0 0 0 0 0 0 0 0 0 0 0 0 0 0 0 0 0 0 0 0 0 0 0 0 0 0 0 0 0 0 0 0 0 0 0 0 0 0 0 0 0 0 0 0 0 0 0 
Parameter IS_p1_mass 3 0.651 0 0 0 0 0 0 0 0 0 0 0 0 0 0 0 0 0 0 0 0 0 0 0 0 0 0 0 0 0 0 0 0 0 0 0 0 0 0 0 0 0 0 0 0 0 0 0 0 0 0 0 0 0 0 0 0 0 0 0 0 0 0 0 0 0 0 0 0 0 0 0 0 
Parameter IS_p1_pipi 3 0.22889 0 0 0 0 0 0 0 0 0 0 0 0 0 0 0 0 0 0 0 0 0 0 0 0 0 0 0 0 0 0 0 0 0 0 0 0 0 0 0 0 0 0 0 0 0 0 0 0 0 0 0 0 0 0 0 0 0 0 0 0 0 0 0 0 0 0 0 0 0 0 0 0 
Parameter IS_p2_4pi 3 0 0 0 0 0 0 0 0 0 0 0 0 0 0 0 0 0 0 0 0 0 0 0 0 0 0 0 0 0 0 0 0 0 0 0 0 0 0 0 0 0 0 0 0 0 0 0 0 0 0 0 0 0 0 0 0 0 0 0 0 0 0 0 0 0 0 0 0 0 0 0 0 0 
Parameter IS_p2_EtaEta 3 0.39065 0 0 0 0 0 0 0 0 0 0 0 0 0 0 0 0 0 0 0 0 0 0 0 0 0 0 0 0 0 0 0 0 0 0 0 0 0 0 0 0 0 0 0 0 0 0 0 0 0 0 0 0 0 0 0 0 0 0 0 0 0 0 0 0 0 0 0 0 0 0 0 0 
Parameter IS_p2_EtapEta 3 0.31503 0 0 0 0 0 0 0 0 0 0 0 0 0 0 0 0 0 0 0 0 0 0 0 0 0 0 0 0 0 0 0 0 0 0 0 0 0 0 0 0 0 0 0 0 0 0 0 0 0 0 0 0 0 0 0 0 0 0 0 0 0 0 0 0 0 0 0 0 0 0 0 0 
Parameter IS_p2_KK 3 0.55095 0 0 0 0 0 0 0 0 0 0 0 0 0 0 0 0 0 0 0 0 0 0 0 0 0 0 0 0 0 0 0 0 0 0 0 0 0 0 0 0 0 0 0 0 0 0 0 0 0 0 0 0 0 0 0 0 0 0 0 0 0 0 0 0 0 0 0 0 0 0 0 0 
Parameter IS_p2_mass 3 1.2036 0 0 0 0 0 0 0 0 0 0 0 0 0 0 0 0 0 0 0 0 0 0 0 0 0 0 0 0 0 0 0 0 0 0 0 0 0 0 0 0 0 0 0 0 0 0 0 0 0 0 0 0 0 0 0 0 0 0 0 0 0 0 0 0 0 0 0 0 0 0 0 0 
Parameter IS_p2_pipi 3 0.94128 0 0 0 0 0 0 0 0 0 0 0 0 0 0 0 0 0 0 0 0 0 0 0 0 0 0 0 0 0 0 0 0 0 0 0 0 0 0 0 0 0 0 0 0 0 0 0 0 0 0 0 0 0 0 0 0 0 0 0 0 0 0 0 0 0 0 0 0 0 0 0 0 
Parameter IS_p3_4pi 3 0.55639 0 0 0 0 0 0 0 0 0 0 0 0 0 0 0 0 0 0 0 0 0 0 0 0 0 0 0 0 0 0 0 0 0 0 0 0 0 0 0 0 0 0 0 0 0 0 0 0 0 0 0 0 0 0 0 0 0 0 0 0 0 0 0 0 0 0 0 0 0 0 0 0 
Parameter IS_p3_EtaEta 3 0.1834 0 0 0 0 0 0 0 0 0 0 0 0 0 0 0 0 0 0 0 0 0 0 0 0 0 0 0 0 0 0 0 0 0 0 0 0 0 0 0 0 0 0 0 0 0 0 0 0 0 0 0 0 0 0 0 0 0 0 0 0 0 0 0 0 0 0 0 0 0 0 0 0 
Parameter IS_p3_EtapEta 3 0.18681 0 0 0 0 0 0 0 0 0 0 0 0 0 0 0 0 0 0 0 0 0 0 0 0 0 0 0 0 0 0 0 0 0 0 0 0 0 0 0 0 0 0 0 0 0 0 0 0 0 0 0 0 0 0 0 0 0 0 0 0 0 0 0 0 0 0 0 0 0 0 0 0 
Parameter IS_p3_KK 3 0.23888 0 0 0 0 0 0 0 0 0 0 0 0 0 0 0 0 0 0 0 0 0 0 0 0 0 0 0 0 0 0 0 0 0 0 0 0 0 0 0 0 0 0 0 0 0 0 0 0 0 0 0 0 0 0 0 0 0 0 0 0 0 0 0 0 0 0 0 0 0 0 0 0 
Parameter IS_p3_mass 3 1.55817 0 0 0 0 0 0 0 0 0 0 0 0 0 0 0 0 0 0 0 0 0 0 0 0 0 0 0 0 0 0 0 0 0 0 0 0 0 0 0 0 0 0 0 0 0 0 0 0 0 0 0 0 0 0 0 0 0 0 0 0 0 0 0 0 0 0 0 0 0 0 0 0 
Parameter IS_p3_pipi 3 0.36856 0 0 0 0 0 0 0 0 0 0 0 0 0 0 0 0 0 0 0 0 0 0 0 0 0 0 0 0 0 0 0 0 0 0 0 0 0 0 0 0 0 0 0 0 0 0 0 0 0 0 0 0 0 0 0 0 0 0 0 0 0 0 0 0 0 0 0 0 0 0 0 0 
Parameter IS_p4_4pi 3 0.85679 0 0 0 0 0 0 0 0 0 0 0 0 0 0 0 0 0 0 0 0 0 0 0 0 0 0 0 0 0 0 0 0 0 0 0 0 0 0 0 0 0 0 0 0 0 0 0 0 0 0 0 0 0 0 0 0 0 0 0 0 0 0 0 0 0 0 0 0 0 0 0 0 
Parameter IS_p4_EtaEta 3 0.19906 0 0 0 0 0 0 0 0 0 0 0 0 0 0 0 0 0 0 0 0 0 0 0 0 0 0 0 0 0 0 0 0 0 0 0 0 0 0 0 0 0 0 0 0 0 0 0 0 0 0 0 0 0 0 0 0 0 0 0 0 0 0 0 0 0 0 0 0 0 0 0 0 
Parameter IS_p4_EtapEta 3 -0.00984 0 0 0 0 0 0 0 0 0 0 0 0 0 0 0 0 0 0 0 0 0 0 0 0 0 0 0 0 0 0 0 0 0 0 0 0 0 0 0 0 0 0 0 0 0 0 0 0 0 0 0 0 0 0 0 0 0 0 0 0 0 0 0 0 0 0 0 0 0 0 0 0 
Parameter IS_p4_KK 3 0.40907 0 0 0 0 0 0 0 0 0 0 0 0 0 0 0 0 0 0 0 0 0 0 0 0 0 0 0 0 0 0 0 0 0 0 0 0 0 0 0 0 0 0 0 0 0 0 0 0 0 0 0 0 0 0 0 0 0 0 0 0 0 0 0 0 0 0 0 0 0 0 0 0 
Parameter IS_p4_mass 3 1.21 0 0 0 0 0 0 0 0 0 0 0 0 0 0 0 0 0 0 0 0 0 0 0 0 0 0 0 0 0 0 0 0 0 0 0 0 0 0 0 0 0 0 0 0 0 0 0 0 0 0 0 0 0 0 0 0 0 0 0 0 0 0 0 0 0 0 0 0 0 0 0 0 
Parameter IS_p4_pipi 3 0.3365 0 0 0 0 0 0 0 0 0 0 0 0 0 0 0 0 0 0 0 0 0 0 0 0 0 0 0 0 0 0 0 0 0 0 0 0 0 0 0 0 0 0 0 0 0 0 0 0 0 0 0 0 0 0 0 0 0 0 0 0 0 0 0 0 0 0 0 0 0 0 0 0 
Parameter IS_p5_4pi 3 -0.79658 0 0 0 0 0 0 0 0 0 0 0 0 0 0 0 0 0 0 0 0 0 0 0 0 0 0 0 0 0 0 0 0 0 0 0 0 0 0 0 0 0 0 0 0 0 0 0 0 0 0 0 0 0 0 0 0 0 0 0 0 0 0 0 0 0 0 0 0 0 0 0 0 
Parameter IS_p5_EtaEta 3 -0.00355 0 0 0 0 0 0 0 0 0 0 0 0 0 0 0 0 0 0 0 0 0 0 0 0 0 0 0 0 0 0 0 0 0 0 0 0 0 0 0 0 0 0 0 0 0 0 0 0 0 0 0 0 0 0 0 0 0 0 0 0 0 0 0 0 0 0 0 0 0 0 0 0 
Parameter IS_p5_EtapEta 3 0.22358 0 0 0 0 0 0 0 0 0 0 0 0 0 0 0 0 0 0 0 0 0 0 0 0 0 0 0 0 0 0 0 0 0 0 0 0 0 0 0 0 0 0 0 0 0 0 0 0 0 0 0 0 0 0 0 0 0 0 0 0 0 0 0 0 0 0 0 0 0 0 0 0 
Parameter IS_p5_KK 3 -0.17558 0 0 0 0 0 0 0 0 0 0 0 0 0 0 0 0 0 0 0 0 0 0 0 0 0 0 0 0 0 0 0 0 0 0 0 0 0 0 0 0 0 0 0 0 0 0 0 0 0 0 0 0 0 0 0 0 0 0 0 0 0 0 0 0 0 0 0 0 0 0 0 0 
Parameter IS_p5_mass 3 1.82206 0 0 0 0 0 0 0 0 0 0 0 0 0 0 0 0 0 0 0 0 0 0 0 0 0 0 0 0 0 0 0 0 0 0 0 0 0 0 0 0 0 0 0 0 0 0 0 0 0 0 0 0 0 0 0 0 0 0 0 0 0 0 0 0 0 0 0 0 0 0 0 0 
Parameter IS_p5_pipi 3 0.18171 0 0 0 0 0 0 0 0 0 0 0 0 0 0 0 0 0 0 0 0 0 0 0 0 0 0 0 0 0 0 0 0 0 0 0 0 0 0 0 0 0 0 0 0 0 0 0 0 0 0 0 0 0 0 0 0 0 0 0 0 0 0 0 0 0 0 0 0 0 0 0 0 
Parameter K(0)*(1430)bar-[LASS.BW]{K0S0,pi-}_Re 2 0.01 0 0 0 0 0 0 0 0 0 0 0 0 0 0 0 0 0 0 0 0 0 0 0 0 0 0 0 0 0 0 0 0 0 0 0 0 0 0 0 0 0 0 0 0 0 0 0 0 0 0 0 0 0 0 0 0 0 0 0 0 0 0 0 0 0 0 0 0 0 0 0 0 
Parameter K(0)*(1430)bar-[LASS.BW]{K0S0,pi-}_Im 2 0 0 0 0 0 0 0 0 0 0 0 0 0 0 0 0 0 0 0 0 0 0 0 0 0 0 0 0 0 0 0 0 0 0 0 0 0 0 0 0 0 0 0 0 0 0 0 0 0 0 0 0 0 0 0 0 0 0 0 0 0 0 0 0 0 0 0 0 0 0 0 0 0 
Parameter K(0)*(1430)bar-[LASS.NR]{K0S0,pi-}_Re 0 0.01 0 0 0 0 0 0 0 0 0 0 0 0 0 0 0 0 0 0 0 0 0 0 0 0 0 0 0 0 0 0 0 0 0 0 0 0 0 0 0 0 0 0 0 0 0 0 0 0 0 0 0 0 0 0 0 0 0 0 0 0 0 0 0 0 0 0 0 0 0 0 0 0 
Parameter K(0)*(1430)bar-[LASS.NR]{K0S0,pi-}_Im 0 20 0 0 0 0 0 0 0 0 0 0 0 0 0 0 0 0 0 0 0 0 0 0 0 0 0 0 0 0 0 0 0 0 0 0 0 0 0 0 0 0 0 0 0 0 0 0 0 0 0 0 0 0 0 0 0 0 0 0 0 0 0 0 0 0 0 0 0 0 0 0 0 0 
Parameter K(0)*(1430)bar-_mass 2 1.463 0.002 0 0 0 0 0 0 0 0 0 0 0 0 0 0 0 0 0 0 0 0 0 0 0 0 0 0 0 0 0 0 0 0 0 0 0 0 0 0 0 0 0 0 0 0 0 0 0 0 0 0 0 0 0 0 0 0 0 0 0 0 0 0 0 0 0 0 0 0 0 0 0 
Parameter K(0)*(1430)bar-_width 2 0.233 0.005 0 0 0 0 0 0 0 0 0 0 0 0 0 0 0 0 0 0 0 0 0 0 0 0 0 0 0 0 0 0 0 0 0 0 0 0 0 0 0 0 0 0 0 0 0 0 0 0 0 0 0 0 0 0 0 0 0 0 0 0 0 0 0 0 0 0 0 0 0 0 0 
Parameter PiPi00[kMatrix.pole.0]{pi+,pi-}_Re 0 -239.011 12.6428 -0.0350931 0.0129546 1.28439 -0.294171 0 0 0 0 0 0 0 0 0 0 0 0 0 0 0 0 0 0 0 0 0 0 0 0 0 0 0 0 0 0 0 0 0 0 0 0 0 0 0 0 159.84 22.9201 96.1519 60.171 165.126 161.211 48.3072 40.1128 -90.1358 -13.57 -414.552 -122.679 -417.897 -170.321 -352.971 -59.6067 0 0 0 0 0 0 0 0 0 0 0 
Parameter PiPi00[kMatrix.pole.0]{pi+,pi-}_Im 0 59.5101 14.5195 -0.00680597 -0.0185258 0.638923 1.2972 0 0 0 0 0 0 0 0 0 0 0 0 0 0 0 0 0 0 0 0 0 0 0 0 0 0 0 0 0 0 0 0 0 0 0 0 0 0 0 0 22.9201 210.817 -49.435 124.539 77.1304 219.584 19.8465 93.1927 -4.90177 -129.408 -62.0079 -596.661 10.5508 -502.645 -52.3314 -517.858 0 0 0 0 0 0 0 0 0 0 0 
Parameter PiPi00[kMatrix.pole.1]{pi+,pi-}_Re 0 -194.432 11.3604 -0.0567431 0.0282138 1.89097 -0.113084 0 0 0 0 0 0 0 0 0 0 0 0 0 0 0 0 0 0 0 0 0 0 0 0 0 0 0 0 0 0 0 0 0 0 0 0 0 0 0 0 96.1519 -49.435 129.058 0.285557 -17.8919 245.44 -52.1408 24.869 -48.1292 25.9932 -206.845 94.0712 -412.61 -257.338 -176.762 93.5826 0 0 0 0 0 0 0 0 0 0 0 
Parameter PiPi00[kMatrix.pole.1]{pi+,pi-}_Im 0 13.4468 10.9555 -0.023075 -0.0193246 0.670572 1.13098 0 0 0 0 0 0 0 0 0 0 0 0 0 0 0 0 0 0 0 0 0 0 0 0 0 0 0 0 0 0 0 0 0 0 0 0 0 0 0 0 60.171 124.539 0.285557 120.024 -30.9792 258.521 22.4213 -6.58335 -20.825 -65.2378 -159.391 -404.401 106.334 -453.103 -101.082 -280.562 0 0 0 0 0 0 0 0 0 0 0 
Parameter PiPi00[kMatrix.pole.2]{pi+,pi-}_Re 0 -462.623 47.045 0.130543 0.0348652 -3.33157 -5.51508 0 0 0 0 0 0 0 0 0 0 0 0 0 0 0 0 0 0 0 0 0 0 0 0 0 0 0 0 0 0 0 0 0 0 0 0 0 0 0 0 165.126 77.1304 -17.8919 -30.9792 2213.23 -972.819 99.5952 255.006 -97.6965 -36.242 -1052.62 -245.517 -962.047 442.467 -521.406 -116.912 0 0 0 0 0 0 0 0 0 0 0 
Parameter PiPi00[kMatrix.pole.2]{pi+,pi-}_Im 0 -433.429 69.709 -0.278047 0.131193 10.4817 2.23729 0 0 0 0 0 0 0 0 0 0 0 0 0 0 0 0 0 0 0 0 0 0 0 0 0 0 0 0 0 0 0 0 0 0 0 0 0 0 0 0 161.211 219.584 245.44 258.521 -972.819 4859.34 -109.099 -214.781 -71.5843 -144.439 261.652 -1618.56 -242.604 -2579.3 -212.616 -788.775 0 0 0 0 0 0 0 0 0 0 0 
Parameter PiPi00[kMatrix.pole.3]{pi+,pi-}_Re 0 -40.9622 14.877 0.0470678 -0.000514373 -1.14424 -0.236018 0 0 0 0 0 0 0 0 0 0 0 0 0 0 0 0 0 0 0 0 0 0 0 0 0 0 0 0 0 0 0 0 0 0 0 0 0 0 0 0 48.3072 19.8465 -52.1408 22.4213 99.5952 -109.099 221.325 -58.6856 -42.0263 -8.98915 -162.468 -109.618 176.305 462.638 -171.839 -47.3219 0 0 0 0 0 0 0 0 0 0 0 
Parameter PiPi00[kMatrix.pole.3]{pi+,pi-}_Im 0 -111.981 19.9984 -0.0315336 0.0158522 1.0108 -0.537034 0 0 0 0 0 0 0 0 0 0 0 0 0 0 0 0 0 0 0 0 0 0 0 0 0 0 0 0 0 0 0 0 0 0 0 0 0 0 0 0 40.1128 93.1927 24.869 -6.58335 255.006 -214.781 -58.6856 399.935 -43.0315 -89.0136 2.37407 -129.802 -913.067 30.9208 -121.086 -290.769 0 0 0 0 0 0 0 0 0 0 0 
Parameter PiPi00[kMatrix.prod.0]{pi+,pi-}_Re 0 142.195 8.67339 0.0192354 -0.00446138 -0.571887 0.341763 0 0 0 0 0 0 0 0 0 0 0 0 0 0 0 0 0 0 0 0 0 0 0 0 0 0 0 0 0 0 0 0 0 0 0 0 0 0 0 0 -90.1358 -4.90177 -48.1292 -20.825 -97.6965 -71.5843 -42.0263 -43.0315 75.2277 6.11193 159.384 26.3124 276.669 -56.4321 256.797 16.9892 0 0 0 0 0 0 0 0 0 0 0 
Parameter PiPi00[kMatrix.prod.0]{pi+,pi-}_Im 0 -29.2311 9.77428 0.00593379 0.00843634 -0.415867 -0.680234 0 0 0 0 0 0 0 0 0 0 0 0 0 0 0 0 0 0 0 0 0 0 0 0 0 0 0 0 0 0 0 0 0 0 0 0 0 0 0 0 -13.57 -129.408 25.9932 -65.2378 -36.242 -144.439 -8.98915 -89.0136 6.11193 95.5365 18.3134 320.021 120.902 260.625 37.3527 359.884 0 0 0 0 0 0 0 0 0 0 0 
Parameter PiPi00[kMatrix.prod.1]{pi+,pi-}_Re 0 609.223 40.0182 0.00228853 -0.0280861 -1.12382 1.95783 0 0 0 0 0 0 0 0 0 0 0 0 0 0 0 0 0 0 0 0 0 0 0 0 0 0 0 0 0 0 0 0 0 0 0 0 0 0 0 0 -414.552 -62.0079 -206.845 -159.391 -1052.62 261.652 -162.468 2.37407 159.384 18.3134 1601.45 305.783 854.624 447.6 800.109 92.7961 0 0 0 0 0 0 0 0 0 0 0 
Parameter PiPi00[kMatrix.prod.1]{pi+,pi-}_Im 0 11.4044 46.1508 0.0519106 0.00488451 -3.72186 -3.6073 0 0 0 0 0 0 0 0 0 0 0 0 0 0 0 0 0 0 0 0 0 0 0 0 0 0 0 0 0 0 0 0 0 0 0 0 0 0 0 0 -122.679 -596.661 94.0712 -404.401 -245.517 -1618.56 -109.618 -129.802 26.3124 320.021 305.783 2129.9 -240.219 1849.82 226.507 1410.94 0 0 0 0 0 0 0 0 0 0 0 
Parameter PiPi00[kMatrix.prod.2]{pi+,pi-}_Re 0 1069.05 61.3087 0.166016 -0.143552 -6.5527 5.05758 0 0 0 0 0 0 0 0 0 0 0 0 0 0 0 0 0 0 0 0 0 0 0 0 0 0 0 0 0 0 0 0 0 0 0 0 0 0 0 0 -417.897 10.5508 -412.61 106.334 -962.047 -242.604 176.305 -913.067 276.669 120.902 854.624 -240.219 3758.76 106.33 976.664 291.675 0 0 0 0 0 0 0 0 0 0 0 
Parameter PiPi00[kMatrix.prod.2]{pi+,pi-}_Im 0 54.1561 64.5538 0.267189 -0.0178905 -9.63746 -6.65041 0 0 0 0 0 0 0 0 0 0 0 0 0 0 0 0 0 0 0 0 0 0 0 0 0 0 0 0 0 0 0 0 0 0 0 0 0 0 0 0 -170.321 -502.645 -257.338 -453.103 442.467 -2579.3 462.638 30.9208 -56.4321 260.625 447.6 1849.82 106.33 4167.19 -27.4642 1219.93 0 0 0 0 0 0 0 0 0 0 0 
Parameter PiPi00[kMatrix.prod.3]{pi+,pi-}_Re 0 551.58 30.7505 0.0523725 -0.0238856 -2.16163 1.15076 0 0 0 0 0 0 0 0 0 0 0 0 0 0 0 0 0 0 0 0 0 0 0 0 0 0 0 0 0 0 0 0 0 0 0 0 0 0 0 0 -352.971 -52.3314 -176.762 -101.082 -521.406 -212.616 -171.839 -121.086 256.797 37.3527 800.109 226.507 976.664 -27.4642 945.596 139.092 0 0 0 0 0 0 0 0 0 0 0 
Parameter PiPi00[kMatrix.prod.3]{pi+,pi-}_Im 0 -107.472 37.5251 0.0334057 0.0226893 -2.10839 -3.2642 0 0 0 0 0 0 0 0 0 0 0 0 0 0 0 0 0 0 0 0 0 0 0 0 0 0 0 0 0 0 0 0 0 0 0 0 0 0 0 0 -59.6067 -517.858 93.5826 -280.562 -116.912 -788.775 -47.3219 -290.769 16.9892 359.884 92.7961 1410.94 291.675 1219.93 139.092 1408.13 0 0 0 0 0 0 0 0 0 0 0 
Parameter PiPi00_s0_prod 3 -0.07 0.03 0 0 0 0 0 0 0 0 0 0 0 0 0 0 0 0 0 0 0 0 0 0 0 0 0 0 0 0 0 0 0 0 0 0 0 0 0 0 0 0 0 0 0 0 0 0 0 0 0 0 0 0 0 0 0 0 0 0 0 0 0 0 0 0 0 0 0 0 0 0 0 
Parameter f_scatt0 3 0.23399 0 0 0 0 0 0 0 0 0 0 0 0 0 0 0 0 0 0 0 0 0 0 0 0 0 0 0 0 0 0 0 0 0 0 0 0 0 0 0 0 0 0 0 0 0 0 0 0 0 0 0 0 0 0 0 0 0 0 0 0 0 0 0 0 0 0 0 0 0 0 0 0 
Parameter f_scatt1 3 0.15044 0 0 0 0 0 0 0 0 0 0 0 0 0 0 0 0 0 0 0 0 0 0 0 0 0 0 0 0 0 0 0 0 0 0 0 0 0 0 0 0 0 0 0 0 0 0 0 0 0 0 0 0 0 0 0 0 0 0 0 0 0 0 0 0 0 0 0 0 0 0 0 0 
Parameter f_scatt2 3 -0.20545 0 0 0 0 0 0 0 0 0 0 0 0 0 0 0 0 0 0 0 0 0 0 0 0 0 0 0 0 0 0 0 0 0 0 0 0 0 0 0 0 0 0 0 0 0 0 0 0 0 0 0 0 0 0 0 0 0 0 0 0 0 0 0 0 0 0 0 0 0 0 0 0 
Parameter f_scatt3 3 0.32825 0 0 0 0 0 0 0 0 0 0 0 0 0 0 0 0 0 0 0 0 0 0 0 0 0 0 0 0 0 0 0 0 0 0 0 0 0 0 0 0 0 0 0 0 0 0 0 0 0 0 0 0 0 0 0 0 0 0 0 0 0 0 0 0 0 0 0 0 0 0 0 0 
Parameter f_scatt4 3 0.35412 0 0 0 0 0 0 0 0 0 0 0 0 0 0 0 0 0 0 0 0 0 0 0 0 0 0 0 0 0 0 0 0 0 0 0 0 0 0 0 0 0 0 0 0 0 0 0 0 0 0 0 0 0 0 0 0 0 0 0 0 0 0 0 0 0 0 0 0 0 0 0 0 
Parameter s0_prod 3 -1 0 0 0 0 0 0 0 0 0 0 0 0 0 0 0 0 0 0 0 0 0 0 0 0 0 0 0 0 0 0 0 0 0 0 0 0 0 0 0 0 0 0 0 0 0 0 0 0 0 0 0 0 0 0 0 0 0 0 0 0 0 0 0 0 0 0 0 0 0 0 0 0 
Parameter s0_scatt 3 -3.92637 0 0 0 0 0 0 0 0 0 0 0 0 0 0 0 0 0 0 0 0 0 0 0 0 0 0 0 0 0 0 0 0 0 0 0 0 0 0 0 0 0 0 0 0 0 0 0 0 0 0 0 0 0 0 0 0 0 0 0 0 0 0 0 0 0 0 0 0 0 0 0 0 
Parameter sA 3 1 0 0 0 0 0 0 0 0 0 0 0 0 0 0 0 0 0 0 0 0 0 0 0 0 0 0 0 0 0 0 0 0 0 0 0 0 0 0 0 0 0 0 0 0 0 0 0 0 0 0 0 0 0 0 0 0 0 0 0 0 0 0 0 0 0 0 0 0 0 0 0 0 
Parameter K(0)*(1430)+_mass 2 1.463 5.78182e-317 0 0 0 0 0 0 0 0 0 0 0 0 0 0 0 0 0 0 0 0 0 0 0 0 0 0 0 0 0 0 0 0 0 0 0 0 0 0 0 0 0 0 0 0 0 0 0 0 0 0 0 0 0 0 0 0 0 0 0 0 0 0 0 0 0 0 0 0 0 0 0 
Parameter K(0)*(1430)+_width 2 0.233 5.78182e-317 0 0 0 0 0 0 0 0 0 0 0 0 0 0 0 0 0 0 0 0 0 0 0 0 0 0 0 0 0 0 0 0 0 0 0 0 0 0 0 0 0 0 0 0 0 0 0 0 0 0 0 0 0 0 0 0 0 0 0 0 0 0 0 0 0 0 0 0 0 0 0 
FitQuality 1609.1471 512 22 -10153.426 0
FitFraction D0{K(0)*(1430)bar-,pi+} 3.3368751 0.2851415
FitFraction D0{K0S0,PiPi00} 3.3342303 0.26822283
FitFraction D0{K*(892)bar-{K0S0,pi-},pi+} 0.26122726 0.008155532
FitFraction D0{K0S0,rho(770)0{pi+,pi-}} 0.024815471 0.0024738521
FitFraction Sum_D0 6.9571481 0.55004311
FitFraction K(0)*(1430)bar-[LASS.NR]{K0S0,pi-} 0.99934212 5.5511151e-17
FitFraction K(0)*(1430)bar-[LASS.BW]{K0S0,pi-} 2.8009689e-07 5.2939559e-23
FitFraction Sum_K(0)*(1430)bar- 0.9993424 5.5511151e-17
FitFraction PiPi00[kMatrix.pole.0]{pi+,pi-} 6.6403727 0.80606983
FitFraction PiPi00[kMatrix.prod.3]{pi+,pi-} 4.7768224 0.66791896
FitFraction PiPi00[kMatrix.prod.0]{pi+,pi-} 4.7117049 0.67053774
FitFraction PiPi00[kMatrix.prod.1]{pi+,pi-} 3.4662363 0.6072706
FitFraction PiPi00[kMatrix.pole.1]{pi+,pi-} 1.2147335 0.094167495
FitFraction PiPi00[kMatrix.prod.2]{pi+,pi-} 0.28929974 0.030857548
FitFraction PiPi00[kMatrix.pole.2]{pi+,pi-} 0.26999365 0.039028775
FitFraction PiPi00[kMatrix.pole.3]{pi+,pi-} 0.043416166 0.013377204
FitFraction Sum_PiPi00 21.412579 2.7211829
FitFraction D0{K(0)*(1430)bar-,pi+}xD0{K0S0,PiPi00} -3.0549014 0.27438225
FitFraction D0{K*(892)bar-{K0S0,pi-},pi+}xD0{K0S0,PiPi00} 0.093135543 0.0016541266
FitFraction D0{K*(892)bar-{K0S0,pi-},pi+}xD0{K0S0,rho(770)0{pi+,pi-}} -0.011781956 0.00066259301
FitFraction D0{K(0)*(1430)bar-,pi+}xD0{K0S0,rho(770)0{pi+,pi-}} -0.0044020255 0.00060669563
FitFraction D0{K0S0,PiPi00}xD0{K0S0,rho(770)0{pi+,pi-}} -0.00045026541 6.3767452e-05
FitFraction D0{K(0)*(1430)bar-,pi+}xD0{K*(892)bar-{K0S0,pi-},pi+} -0.00017395532 0.00010370648
FitFraction Sum_D0_interference -2.9785741 0.27502155
End Log
